<?xml version="1.0" encoding="UTF-8"?>
<!-- Generated by org.testng.reporters.JUnitReportReporter -->
<testsuite hostname="DESKTOP-LE78F7L" failures="0" tests="1" name="mar15th.ValidateMouseHover" time="23.080" errors="0" timestamp="2021-03-15T08:37:29 IST" skipped="0">
  <testcase classname="mar15th.ValidateMouseHover" name="validateMouseHoverTest" time="23.080"/>
  <system-out/>
</testsuite> <!-- mar15th.ValidateMouseHover -->
