<?xml version="1.0" encoding="UTF-8"?>
<!-- Generated by org.testng.reporters.JUnitReportReporter -->
<testsuite hostname="DESKTOP-LE78F7L" failures="0" tests="1" name="mar15th.DragAndDrop" time="18.930" errors="0" timestamp="2021-03-15T08:48:53 IST" skipped="0">
  <testcase classname="mar15th.DragAndDrop" name="dragAndDropTest" time="18.930"/>
  <system-out/>
</testsuite> <!-- mar15th.DragAndDrop -->
