<?xml version="1.0" encoding="UTF-8"?>
<!-- Generated by org.testng.reporters.JUnitReportReporter -->
<testsuite hostname="DESKTOP-LE78F7L" failures="0" tests="3" name="mar13th.TestNGDemo" time="0.016" errors="0" timestamp="2021-03-12T19:19:01 IST" skipped="0">
  <testcase classname="mar13th.TestNGDemo" name="registrationTest" time="0.005"/>
  <system-out/>
  <testcase classname="mar13th.TestNGDemo" name="loginTest" time="0.007"/>
  <system-out/>
  <testcase classname="mar13th.TestNGDemo" name="changePasswordTest" time="0.004"/>
  <system-out/>
</testsuite> <!-- mar13th.TestNGDemo -->
