<?xml version="1.0" encoding="UTF-8"?>
<!-- Generated by org.testng.reporters.JUnitReportReporter -->
<testsuite hostname="DESKTOP-LE78F7L" failures="0" tests="1" name="mar15th.RightClick" time="12.537" errors="0" timestamp="2021-03-15T09:01:39 IST" skipped="0">
  <testcase classname="mar15th.RightClick" name="rightClickTest" time="12.537"/>
  <system-out/>
</testsuite> <!-- mar15th.RightClick -->
